[16:15:00] This is prokka 1.14.6
[16:15:00] Written by Torsten Seemann <torsten.seemann@gmail.com>
[16:15:00] Homepage is https://github.com/tseemann/prokka
[16:15:00] Local time is Mon Jul 17 16:15:00 2023
[16:15:00] You are huy
[16:15:00] Operating system is darwin
[16:15:00] You have BioPerl 1.7.8
[16:15:00] System has 8 cores.
[16:15:00] Will use maximum of 8 cores.
[16:15:00] Annotating as >>> Bacteria <<<
[16:15:00] Generating locus_tag from 'trycycler_polypolish.fasta' contents.
[16:15:00] Setting --locustag LMIBBFGC from MD5 562bbf0cf3c6543a0c24a5f9de0cc267
[16:15:00] Creating new output folder: prokka_results
[16:15:00] Running: mkdir -p prokka_results
[16:15:00] Using filename prefix: SRR8278838_sub_prokka.XXX
[16:15:00] Setting HMMER_NCPU=1
[16:15:00] Writing log to: prokka_results/SRR8278838_sub_prokka.log
[16:15:00] Command: /Users/huy/mambaforge-pypy3/envs/prokka/bin/prokka --outdir prokka_results --genus helicobacter --species pylori --prefix SRR8278838_sub_prokka trycycler_polypolish.fasta
[16:15:00] Appending to PATH: /Users/huy/mambaforge-pypy3/envs/prokka/bin
[16:15:00] Looking for 'aragorn' - found /Users/huy/mambaforge-pypy3/envs/prokka/bin/aragorn
[16:15:00] Determined aragorn version is 001002 from 'ARAGORN v1.2.41 Dean Laslett'
[16:15:00] Looking for 'barrnap' - found /Users/huy/mambaforge-pypy3/envs/prokka/bin/barrnap
[16:15:00] Determined barrnap version is 000009 from 'barrnap 0.9'
[16:15:00] Looking for 'blastp' - found /Users/huy/mambaforge-pypy3/envs/prokka/bin/blastp
[16:15:00] Determined blastp version is 002014 from 'blastp: 2.14.0+'
[16:15:00] Looking for 'cmpress' - found /Users/huy/mambaforge-pypy3/envs/prokka/bin/cmpress
[16:15:00] Determined cmpress version is 001001 from '# INFERNAL 1.1.4 (Dec 2020)'
[16:15:00] Looking for 'cmscan' - found /Users/huy/mambaforge-pypy3/envs/prokka/bin/cmscan
[16:15:00] Determined cmscan version is 001001 from '# INFERNAL 1.1.4 (Dec 2020)'
[16:15:00] Looking for 'egrep' - found /usr/bin/egrep
[16:15:00] Looking for 'find' - found /usr/bin/find
[16:15:00] Looking for 'grep' - found /usr/bin/grep
[16:15:00] Looking for 'hmmpress' - found /Users/huy/mambaforge-pypy3/envs/prokka/bin/hmmpress
[16:15:00] Determined hmmpress version is 003003 from '# HMMER 3.3.2 (Nov 2020); http://hmmer.org/'
[16:15:00] Looking for 'hmmscan' - found /Users/huy/mambaforge-pypy3/envs/prokka/bin/hmmscan
[16:15:00] Determined hmmscan version is 003003 from '# HMMER 3.3.2 (Nov 2020); http://hmmer.org/'
[16:15:00] Looking for 'java' - found /usr/bin/java
[16:15:00] Looking for 'makeblastdb' - found /Users/huy/mambaforge-pypy3/envs/prokka/bin/makeblastdb
[16:15:00] Determined makeblastdb version is 002014 from 'makeblastdb: 2.14.0+'
[16:15:00] Looking for 'minced' - found /Users/huy/mambaforge-pypy3/envs/prokka/bin/minced
[16:15:01] Determined minced version is 004002 from 'minced 0.4.2'
[16:15:01] Looking for 'parallel' - found /Users/huy/mambaforge-pypy3/envs/prokka/bin/parallel
[16:15:01] Determined parallel version is 20230522 from 'GNU parallel 20230522'
[16:15:01] Looking for 'prodigal' - found /Users/huy/mambaforge-pypy3/envs/prokka/bin/prodigal
[16:15:01] Determined prodigal version is 002006 from 'Prodigal V2.6.3: February, 2016'
[16:15:01] Looking for 'prokka-genbank_to_fasta_db' - found /Users/huy/mambaforge-pypy3/envs/prokka/bin/prokka-genbank_to_fasta_db
[16:15:01] Looking for 'sed' - found /usr/bin/sed
[16:15:01] Looking for 'tbl2asn' - found /Users/huy/mambaforge-pypy3/envs/prokka/bin/tbl2asn
[16:15:01] Determined tbl2asn version is 025007 from 'tbl2asn 25.7   arguments:'
[16:15:01] Using genetic code table 11.
[16:15:01] Loading and checking input file: trycycler_polypolish.fasta
[16:15:01] Wrote 2 contigs totalling 1590620 bp.
[16:15:01] Predicting tRNAs and tmRNAs
[16:15:01] Running: aragorn -l -gc11  -w prokka_results\/SRR8278838_sub_prokka\.fna
[16:15:01] 1 tRNA-Met c[268764,268840] 35 (cat)
[16:15:01] 2 tmRNA c[308949,309334] 84,128 VNNTDYAPAYAKAA*
[16:15:01] 3 tRNA-Arg [360252,360328] 35 (cct)
[16:15:01] 4 tRNA-Met c[422735,422811] 35 (cat)
[16:15:01] 5 tRNA-Gln c[422831,422905] 33 (ttg)
[16:15:01] 6 tRNA-Gly [479881,479955] 33 (gcc)
[16:15:01] 7 tRNA-Leu [480351,480437] 35 (taa)
[16:15:01] 8 tRNA-Cys [480512,480586] 33 (gca)
[16:15:01] 9 tRNA-Ser [480634,480721] 35 (tga)
[16:15:01] 10 tRNA-Arg c[540136,540212] 35 (tct)
[16:15:01] 11 tRNA-Arg c[540230,540306] 35 (tcg)
[16:15:01] 12 tRNA-His c[540367,540443] 35 (gtg)
[16:15:01] 13 tRNA-Pro c[540511,540588] 36 (tgg)
[16:15:01] 14 tRNA-Leu c[590637,590721] 35 (tag)
[16:15:01] 15 tRNA-Ile [595505,595581] 35 (gat)
[16:15:01] 16 tRNA-Ala [595597,595672] 34 (tgc)
[16:15:01] 17 tRNA-Met c[692000,692077] 36 (cat)
[16:15:01] 18 tRNA-Trp c[720886,720961] 34 (cca)
[16:15:01] 19 tRNA-Thr c[722519,722593] 33 (ggt)
[16:15:01] 20 tRNA-Gly c[722624,722700] 35 (tcc)
[16:15:01] 21 tRNA-Tyr c[722716,722800] 35 (gta)
[16:15:01] 22 tRNA-Thr c[722829,722904] 34 (tgt)
[16:15:01] 23 tRNA-Leu c[728198,728284] 35 (caa)
[16:15:01] 24 tRNA-Leu c[728338,728424] 35 (gag)
[16:15:01] 25 tRNA-Phe [996685,996760] 34 (gaa)
[16:15:01] 26 tRNA-Glu c[1084803,1084878] 35 (ttc)
[16:15:01] 27 tRNA-Asp c[1084941,1085017] 35 (gtc)
[16:15:01] 28 tRNA-Val c[1085060,1085135] 34 (tac)
[16:15:01] 29 tRNA-Glu c[1085176,1085250] 34 (ttc)
[16:15:01] 30 tRNA-Lys c[1085261,1085336] 34 (ttt)
[16:15:01] 31 tRNA-Val c[1169616,1169691] 34 (gac)
[16:15:01] 32 tRNA-Ser c[1232258,1232349] 36 (gct)
[16:15:01] 33 tRNA-Asn c[1338845,1338919] 33 (gtt)
[16:15:01] 34 tRNA-Ala c[1361544,1361619] 34 (ggc)
[16:15:01] 35 tRNA-Arg [1436506,1436582] 35 (gcg)
[16:15:01] 36 tRNA-Ser c[1488563,1488650] 35 (gga)
[16:15:01] 37 tRNA-Pro c[1541521,1541598] 36 (ggg)
[16:15:01] Found 37 tRNAs
[16:15:01] Predicting Ribosomal RNAs
[16:15:01] Running Barrnap with 8 threads
[16:15:02] 1 cluster_001_consensus_polypolish 519369 23S ribosomal RNA
[16:15:02] 2 cluster_001_consensus_polypolish 645818 16S ribosomal RNA
[16:15:02] 3 cluster_001_consensus_polypolish 869190 23S ribosomal RNA
[16:15:02] 4 cluster_001_consensus_polypolish 902819 16S ribosomal RNA
[16:15:02] Found 4 rRNAs
[16:15:02] Skipping ncRNA search, enable with --rfam if desired.
[16:15:02] Total of 40 tRNA + rRNA features
[16:15:02] Searching for CRISPR repeats
[16:15:03] Found 0 CRISPRs
[16:15:03] Predicting coding sequences
[16:15:03] Contigs total 1590620 bp, so using single mode
[16:15:03] Running: prodigal -i prokka_results\/SRR8278838_sub_prokka\.fna -c -m -g 11 -p single -f sco -q
[16:15:04] Excluding CDS which overlaps existing RNA (tRNA) at cluster_001_consensus_polypolish:268802..269923 on - strand
[16:15:05] Found 1672 CDS
[16:15:05] Connecting features back to sequences
[16:15:05] Not using genus-specific database. Try --usegenus to enable it.
[16:15:05] Annotating CDS, please be patient.
[16:15:05] Will use 8 CPUs for similarity searching.
[16:15:05] There are still 1672 unannotated CDS left (started with 1672)
[16:15:05] Will use blast to search against /Users/huy/mambaforge-pypy3/envs/prokka/db/kingdom/Bacteria/IS with 8 CPUs
[16:15:05] Running: cat prokka_results\/SRR8278838_sub_prokka\.IS\.tmp\.9499\.faa | parallel --gnu --plain -j 8 --block 30465 --recstart '>' --pipe blastp -query - -db /Users/huy/mambaforge-pypy3/envs/prokka/db/kingdom/Bacteria/IS -evalue 1e-30 -qcov_hsp_perc 90 -num_threads 1 -num_descriptions 1 -num_alignments 1 -seg no > prokka_results\/SRR8278838_sub_prokka\.IS\.tmp\.9499\.blast 2> /dev/null
[16:15:10] Deleting unwanted file: prokka_results/SRR8278838_sub_prokka.IS.tmp.9499.faa
[16:15:10] Deleting unwanted file: prokka_results/SRR8278838_sub_prokka.IS.tmp.9499.blast
[16:15:10] There are still 1670 unannotated CDS left (started with 1672)
[16:15:10] Will use blast to search against /Users/huy/mambaforge-pypy3/envs/prokka/db/kingdom/Bacteria/AMR with 8 CPUs
[16:15:10] Running: cat prokka_results\/SRR8278838_sub_prokka\.AMR\.tmp\.9499\.faa | parallel --gnu --plain -j 8 --block 30425 --recstart '>' --pipe blastp -query - -db /Users/huy/mambaforge-pypy3/envs/prokka/db/kingdom/Bacteria/AMR -evalue 1e-300 -qcov_hsp_perc 90 -num_threads 1 -num_descriptions 1 -num_alignments 1 -seg no > prokka_results\/SRR8278838_sub_prokka\.AMR\.tmp\.9499\.blast 2> /dev/null
[16:15:13] Deleting unwanted file: prokka_results/SRR8278838_sub_prokka.AMR.tmp.9499.faa
[16:15:13] Deleting unwanted file: prokka_results/SRR8278838_sub_prokka.AMR.tmp.9499.blast
[16:15:14] There are still 1670 unannotated CDS left (started with 1672)
[16:15:14] Will use blast to search against /Users/huy/mambaforge-pypy3/envs/prokka/db/kingdom/Bacteria/sprot with 8 CPUs
[16:15:14] Running: cat prokka_results\/SRR8278838_sub_prokka\.sprot\.tmp\.9499\.faa | parallel --gnu --plain -j 8 --block 30425 --recstart '>' --pipe blastp -query - -db /Users/huy/mambaforge-pypy3/envs/prokka/db/kingdom/Bacteria/sprot -evalue 1e-09 -qcov_hsp_perc 80 -num_threads 1 -num_descriptions 1 -num_alignments 1 -seg no > prokka_results\/SRR8278838_sub_prokka\.sprot\.tmp\.9499\.blast 2> /dev/null
[16:15:29] Modify product: Probable L-asparaginase => putative L-asparaginase
[16:15:29] Modify product: Probable L-asparaginase => putative L-asparaginase
[16:15:29] Modify product: Probable FMN/FAD exporter YeeO => putative FMN/FAD exporter YeeO
[16:15:29] Modify product: Uncharacterized HIT-like protein HP_0404 => putative HIT-like protein
[16:15:29] Modify product: Uncharacterized FAD-linked oxidoreductase Rv2280 => putative FAD-linked oxidoreductase
[16:15:29] Modify product: Bifunctional protein FolD => Bifunctional protein FolD protein
[16:15:29] Modify product: Probable formaldehyde dehydrogenase AdhA => putative formaldehyde dehydrogenase AdhA
[16:15:29] Modify product: Probable chromosome-partitioning protein ParB => putative chromosome-partitioning protein ParB
[16:15:29] Modify product: Uncharacterized protein Rv2030c => putative protein
[16:15:29] Modify product: Multidrug efflux system ATP-binding protein Rv1218c => Multidrug efflux system ATP-binding protein
[16:15:29] Modify product: Protein HP_1247 => Protein
[16:15:29] Modify product: Uncharacterized protein Rv2581c => putative protein
[16:15:29] Modify product: Uncharacterized ABC transporter ATP-binding protein YbiT => putative ABC transporter ATP-binding protein YbiT
[16:15:29] Modify product: Uncharacterized ABC transporter ATP-binding protein YbiT => putative ABC transporter ATP-binding protein YbiT
[16:15:29] Modify product: Uncharacterized ABC transporter ATP-binding protein HI_1470 => putative ABC transporter ATP-binding protein
[16:15:29] Modify product: Probable tautomerase HP_0924 => putative tautomerase
[16:15:29] Modify product: Probable amino-acid ABC transporter-binding protein HI_1080 => putative amino-acid ABC transporter-binding protein
[16:15:29] Modify product: RutC family protein HI_0719 => RutC family protein
[16:15:29] Modify product: Nucleoid-associated protein HP_0035 => Nucleoid-associated protein
[16:15:29] Modify product: Uncharacterized protein HP_1423 => putative protein
[16:15:29] Modify product: Probable dual-specificity RNA methyltransferase RlmN => putative dual-specificity RNA methyltransferase RlmN
[16:15:29] Modify product: UPF0194 membrane protein YbhG => hypothetical protein
[16:15:29] Modify product: UPF0053 protein Rv1842c => hypothetical protein
[16:15:29] Modify product: Uncharacterized protein HP_1531 => putative protein
[16:15:29] Modify product: Probable peptidoglycan glycosyltransferase FtsW => putative peptidoglycan glycosyltransferase FtsW
[16:15:29] Modify product: Probable GTP-binding protein EngB => putative GTP-binding protein EngB
[16:15:29] Modify product: Uncharacterized metal-dependent hydrolase YcfH => putative metal-dependent hydrolase YcfH
[16:15:29] Modify product: Uncharacterized ABC transporter ATP-binding protein YejF => putative ABC transporter ATP-binding protein YejF
[16:15:29] Modify product: Uncharacterized glycosyltransferase Rv1514c => putative glycosyltransferase
[16:15:29] Modify product: Putative 2-hydroxyacid dehydrogenase HI_1556 => Putative 2-hydroxyacid dehydrogenase
[16:15:29] Modify product: Uncharacterized protein NMB1437 => putative protein
[16:15:29] Modify product: Probable transcriptional regulatory protein HP_0162 => putative transcriptional regulatory protein
[16:15:29] Modify product: Putative peptidyl-prolyl cis-trans isomerase HP_0175 => Putative peptidyl-prolyl cis-trans isomerase
[16:15:29] Modify product: Chemotaxis protein CheY homolog => Chemotaxis protein CheY 
[16:15:29] Modify product: Aminopeptidase HP_1037 => Aminopeptidase
[16:15:29] Modify product: Uncharacterized AAA domain-containing protein Rv2559c => putative AAA domain-containing protein
[16:15:29] Modify product: Uncharacterized AAA domain-containing protein Rv2559c => putative AAA domain-containing protein
[16:15:29] Modify product: Uncharacterized zinc protease Rv2782c => putative zinc protease
[16:15:29] Modify product: Uncharacterized protein HP_0495 => putative protein
[16:15:29] Modify product: Uncharacterized RNA pseudouridine synthase HP_0347 => putative RNA pseudouridine synthase
[16:15:29] Modify product: Probable nicotinate-nucleotide pyrophosphorylase [carboxylating] => putative nicotinate-nucleotide pyrophosphorylase [carboxylating]
[16:15:29] Modify product: UPF0053 inner membrane protein YgdQ => hypothetical protein
[16:15:30] Cleaned 42 /product names
[16:15:30] Deleting unwanted file: prokka_results/SRR8278838_sub_prokka.sprot.tmp.9499.faa
[16:15:30] Deleting unwanted file: prokka_results/SRR8278838_sub_prokka.sprot.tmp.9499.blast
[16:15:30] There are still 882 unannotated CDS left (started with 1672)
[16:15:30] Will use hmmer3 to search against /Users/huy/mambaforge-pypy3/envs/prokka/db/hmm/HAMAP.hmm with 8 CPUs
[16:15:30] Running: cat prokka_results\/SRR8278838_sub_prokka\.HAMAP\.hmm\.tmp\.9499\.faa | parallel --gnu --plain -j 8 --block 14555 --recstart '>' --pipe hmmscan --noali --notextw --acc -E 1e-09 --cpu 1 /Users/huy/mambaforge-pypy3/envs/prokka/db/hmm/HAMAP.hmm /dev/stdin > prokka_results\/SRR8278838_sub_prokka\.HAMAP\.hmm\.tmp\.9499\.hmmer3 2> /dev/null
[16:15:41] Modify product: Uncharacterized MFS-type transporter YfcJ => putative MFS-type transporter YfcJ
[16:15:41] Cleaned 1 /product names
[16:15:41] Deleting unwanted file: prokka_results/SRR8278838_sub_prokka.HAMAP.hmm.tmp.9499.faa
[16:15:41] Deleting unwanted file: prokka_results/SRR8278838_sub_prokka.HAMAP.hmm.tmp.9499.hmmer3
[16:15:41] Labelling remaining 765 proteins as 'hypothetical protein'
[16:15:41] Possible /pseudo 'GTPase Era' at cluster_001_consensus_polypolish position 21083
[16:15:41] Possible /pseudo 'Aspartate--tRNA(Asp/Asn) ligase' at cluster_001_consensus_polypolish position 136456
[16:15:41] Possible /pseudo 'UDP-N-acetylmuramate--L-alanine ligase' at cluster_001_consensus_polypolish position 144170
[16:15:41] Possible /pseudo 'Quinone-reactive Ni/Fe-hydrogenase large chain' at cluster_001_consensus_polypolish position 154521
[16:15:41] Possible /pseudo 'Quinone-reactive Ni/Fe-hydrogenase large chain' at cluster_001_consensus_polypolish position 154750
[16:15:41] Possible /pseudo 'Chorismate synthase' at cluster_001_consensus_polypolish position 214991
[16:15:41] Possible /pseudo 'putative L-asparaginase' at cluster_001_consensus_polypolish position 247812
[16:15:41] Possible /pseudo 'Flagellar hook-associated protein 2' at cluster_001_consensus_polypolish position 278307
[16:15:41] Possible /pseudo 'putative ABC transporter ATP-binding protein YbiT' at cluster_001_consensus_polypolish position 379351
[16:15:41] Possible /pseudo 'GMP reductase' at cluster_001_consensus_polypolish position 381586
[16:15:41] Possible /pseudo 'Lipid-A-disaccharide synthase' at cluster_001_consensus_polypolish position 390538
[16:15:41] Possible /pseudo 'Flagellar hook protein FlgE' at cluster_001_consensus_polypolish position 392745
[16:15:41] Possible /pseudo 'CDP-diacylglycerol pyrophosphatase' at cluster_001_consensus_polypolish position 394810
[16:15:41] Possible /pseudo '2,3-bisphosphoglycerate-independent phosphoglycerate mutase' at cluster_001_consensus_polypolish position 508315
[16:15:41] Possible /pseudo 'Dimethyl sulfoxide/trimethylamine N-oxide reductase' at cluster_001_consensus_polypolish position 545515
[16:15:41] Possible /pseudo '3-phosphoshikimate 1-carboxyvinyltransferase 1' at cluster_001_consensus_polypolish position 552241
[16:15:41] Possible /pseudo '3-octaprenyl-4-hydroxybenzoate carboxy-lyase' at cluster_001_consensus_polypolish position 558963
[16:15:41] Possible /pseudo 'Carboxy-S-adenosyl-L-methionine synthase' at cluster_001_consensus_polypolish position 567240
[16:15:41] Possible /pseudo 'Cytochrome c biogenesis protein CcsA' at cluster_001_consensus_polypolish position 576788
[16:15:41] Possible /pseudo 'Biotin carboxylase' at cluster_001_consensus_polypolish position 586248
[16:15:41] Possible /pseudo 'Tol-Pal system protein TolB' at cluster_001_consensus_polypolish position 629682
[16:15:41] Possible /pseudo 'ATP synthase subunit b' at cluster_001_consensus_polypolish position 637278
[16:15:41] Possible /pseudo 'Signal recognition particle protein' at cluster_001_consensus_polypolish position 652435
[16:15:41] Possible /pseudo 'Peptide transporter CstA' at cluster_001_consensus_polypolish position 676761
[16:15:41] Possible /pseudo 'Glutamine transport system permease protein GlnP' at cluster_001_consensus_polypolish position 677933
[16:15:41] Possible /pseudo 'Aspartate-semialdehyde dehydrogenase' at cluster_001_consensus_polypolish position 702079
[16:15:41] Possible /pseudo 'Bifunctional DNA-directed RNA polymerase subunit beta-beta'' at cluster_001_consensus_polypolish position 712430
[16:15:41] Possible /pseudo '50S ribosomal protein L10' at cluster_001_consensus_polypolish position 718420
[16:15:41] Possible /pseudo 'Protein glycosylation K' at cluster_001_consensus_polypolish position 724657
[16:15:41] Possible /pseudo 'Aspartate kinase Ask_LysC' at cluster_001_consensus_polypolish position 744991
[16:15:41] Possible /pseudo 'NAD(P)H-quinone oxidoreductase subunit 2, chloroplastic' at cluster_001_consensus_polypolish position 784579
[16:15:41] Possible /pseudo 'Cation efflux system protein CusA' at cluster_001_consensus_polypolish position 827935
[16:15:41] Possible /pseudo 'Aspartate 1-decarboxylase' at cluster_001_consensus_polypolish position 851801
[16:15:41] Possible /pseudo 'UDP-N-acetylenolpyruvoylglucosamine reductase' at cluster_001_consensus_polypolish position 881401
[16:15:41] Possible /pseudo 'Membrane protein insertase YidC' at cluster_001_consensus_polypolish position 910061
[16:15:41] Possible /pseudo 'DNA polymerase III subunit alpha' at cluster_001_consensus_polypolish position 922950
[16:15:41] Possible /pseudo 'Copper-exporting P-type ATPase' at cluster_001_consensus_polypolish position 967155
[16:15:41] Possible /pseudo 'Transcription-repair-coupling factor' at cluster_001_consensus_polypolish position 1049208
[16:15:41] Possible /pseudo '4-hydroxythreonine-4-phosphate dehydrogenase' at cluster_001_consensus_polypolish position 1076155
[16:15:41] Possible /pseudo 'DNA primase' at cluster_001_consensus_polypolish position 1091709
[16:15:41] Possible /pseudo 'Lon protease' at cluster_001_consensus_polypolish position 1109192
[16:15:41] Possible /pseudo 'Replicative DNA helicase' at cluster_001_consensus_polypolish position 1126155
[16:15:41] Possible /pseudo 'Urease accessory protein UreH' at cluster_001_consensus_polypolish position 1164085
[16:15:41] Possible /pseudo 'DNA topoisomerase 1' at cluster_001_consensus_polypolish position 1192079
[16:15:41] Possible /pseudo 'Trifunctional nucleotide phosphoesterase protein YfkN' at cluster_001_consensus_polypolish position 1217764
[16:15:41] Possible /pseudo 'Tyrosine recombinase XerH' at cluster_001_consensus_polypolish position 1235437
[16:15:41] Possible /pseudo 'L-serine dehydratase 1' at cluster_001_consensus_polypolish position 1239486
[16:15:41] Possible /pseudo 'L-lactate permease' at cluster_001_consensus_polypolish position 1248998
[16:15:41] Possible /pseudo 'Putative beta-lactamase HcpD' at cluster_001_consensus_polypolish position 1266054
[16:15:41] Possible /pseudo 'Cysteine desulfurase IscS' at cluster_001_consensus_polypolish position 1329036
[16:15:41] Possible /pseudo 'Porphobilinogen deaminase' at cluster_001_consensus_polypolish position 1347222
[16:15:41] Possible /pseudo 'Glutamyl-tRNA reductase' at cluster_001_consensus_polypolish position 1349886
[16:15:41] Possible /pseudo 'Vacuolating cytotoxin autotransporter' at cluster_001_consensus_polypolish position 1399057
[16:15:41] Possible /pseudo 'Dipeptide transport system permease protein DppC' at cluster_001_consensus_polypolish position 1411991
[16:15:41] Possible /pseudo 'Glutamate-1-semialdehyde 2,1-aminomutase' at cluster_001_consensus_polypolish position 1416951
[16:15:41] Possible /pseudo 'Aspartate carbamoyltransferase' at cluster_001_consensus_polypolish position 1470293
[16:15:41] Possible /pseudo 'Sec-independent protein translocase protein TatC' at cluster_001_consensus_polypolish position 1491266
[16:15:41] Possible /pseudo 'Flagellar biosynthesis protein FlhA' at cluster_001_consensus_polypolish position 1510943
[16:15:41] Possible /pseudo 'putative AAA domain-containing protein' at cluster_001_consensus_polypolish position 1524458
[16:15:41] Possible /pseudo 'Phospho-N-acetylmuramoyl-pentapeptide-transferase' at cluster_001_consensus_polypolish position 1577733
[16:15:41] Found 760 unique /gene codes.
[16:15:41] Fixed 2 duplicate /gene - lldP_1 lldP_2
[16:15:41] Fixed 2 duplicate /gene - aspS_1 aspS_2
[16:15:41] Fixed 2 duplicate /gene - glnP_1 glnP_2
[16:15:41] Fixed 3 duplicate /gene - xerH_1 xerH_2 xerH_3
[16:15:41] Fixed 3 duplicate /gene - cheV_1 cheV_2 cheV_3
[16:15:41] Fixed 2 duplicate /gene - mfd_1 mfd_2
[16:15:41] Fixed 2 duplicate /gene - accC_1 accC_2
[16:15:41] Fixed 2 duplicate /gene - rplJ_1 rplJ_2
[16:15:41] Fixed 2 duplicate /gene - yfkN_1 yfkN_2
[16:15:41] Fixed 2 duplicate /gene - rsxB_1 rsxB_2
[16:15:41] Fixed 2 duplicate /gene - tatC_1 tatC_2
[16:15:41] Fixed 2 duplicate /gene - era_1 era_2
[16:15:41] Fixed 3 duplicate /gene - topA_1 topA_2 topA_3
[16:15:41] Fixed 2 duplicate /gene - hemC_1 hemC_2
[16:15:41] Fixed 2 duplicate /gene - cdh_1 cdh_2
[16:15:41] Fixed 2 duplicate /gene - murC_1 murC_2
[16:15:41] Fixed 2 duplicate /gene - virB4_1 virB4_2
[16:15:41] Fixed 3 duplicate /gene - hydB_1 hydB_2 hydB_3
[16:15:41] Fixed 2 duplicate /gene - pdxA_1 pdxA_2
[16:15:41] Fixed 3 duplicate /gene - btuB_1 btuB_2 btuB_3
[16:15:41] Fixed 2 duplicate /gene - flgE_1 flgE_2
[16:15:41] Fixed 2 duplicate /gene - rpoBC_1 rpoBC_2
[16:15:41] Fixed 2 duplicate /gene - secF_1 secF_2
[16:15:41] Fixed 3 duplicate /gene - vacA_1 vacA_2 vacA_3
[16:15:41] Fixed 2 duplicate /gene - prmC_1 prmC_2
[16:15:41] Fixed 2 duplicate /gene - lutA_1 lutA_2
[16:15:41] Fixed 2 duplicate /gene - dppC_1 dppC_2
[16:15:41] Fixed 2 duplicate /gene - hemE_1 hemE_2
[16:15:41] Fixed 2 duplicate /gene - ybiT_1 ybiT_2
[16:15:41] Fixed 2 duplicate /gene - tolB_1 tolB_2
[16:15:41] Fixed 2 duplicate /gene - trxA_1 trxA_2
[16:15:41] Fixed 3 duplicate /gene - ndhB_1 ndhB_2 ndhB_3
[16:15:41] Fixed 2 duplicate /gene - lpxB_1 lpxB_2
[16:15:41] Fixed 2 duplicate /gene - gpmI_1 gpmI_2
[16:15:41] Fixed 2 duplicate /gene - pyrC_1 pyrC_2
[16:15:41] Fixed 2 duplicate /gene - nth_1 nth_2
[16:15:41] Fixed 2 duplicate /gene - mraY_1 mraY_2
[16:15:41] Fixed 2 duplicate /gene - aroA1_1 aroA1_2
[16:15:41] Fixed 2 duplicate /gene - hemL_1 hemL_2
[16:15:41] Fixed 2 duplicate /gene - ubiD_1 ubiD_2
[16:15:41] Fixed 2 duplicate /gene - cstA_1 cstA_2
[16:15:41] Fixed 2 duplicate /gene - dnaB_1 dnaB_2
[16:15:41] Fixed 2 duplicate /gene - polA_1 polA_2
[16:15:41] Fixed 2 duplicate /gene - moaA_1 moaA_2
[16:15:41] Fixed 2 duplicate /gene - fecA_1 fecA_2
[16:15:41] Fixed 2 duplicate /gene - ftsH_1 ftsH_2
[16:15:41] Fixed 2 duplicate /gene - cmoA_1 cmoA_2
[16:15:41] Fixed 2 duplicate /gene - dnaG_1 dnaG_2
[16:15:41] Fixed 2 duplicate /gene - hcpD_1 hcpD_2
[16:15:41] Fixed 2 duplicate /gene - fucT_1 fucT_2
[16:15:41] Fixed 2 duplicate /gene - copA_1 copA_2
[16:15:41] Fixed 3 duplicate /gene - tolQ_1 tolQ_2 tolQ_3
[16:15:41] Fixed 2 duplicate /gene - flgG_1 flgG_2
[16:15:41] Fixed 2 duplicate /gene - iscS_1 iscS_2
[16:15:41] Fixed 2 duplicate /gene - htpX_1 htpX_2
[16:15:41] Fixed 2 duplicate /gene - exbD_1 exbD_2
[16:15:41] Fixed 2 duplicate /gene - flhA_1 flhA_2
[16:15:41] Fixed 2 duplicate /gene - guaC_1 guaC_2
[16:15:41] Fixed 2 duplicate /gene - xseA_1 xseA_2
[16:15:41] Fixed 2 duplicate /gene - hemA_1 hemA_2
[16:15:41] Fixed 2 duplicate /gene - ffh_1 ffh_2
[16:15:41] Fixed 2 duplicate /gene - asd_1 asd_2
[16:15:41] Fixed 2 duplicate /gene - gyrB_1 gyrB_2
[16:15:41] Fixed 2 duplicate /gene - lysC_1 lysC_2
[16:15:41] Fixed 2 duplicate /gene - lon_1 lon_2
[16:15:41] Fixed 2 duplicate /gene - atpD_1 atpD_2
[16:15:41] Fixed 2 duplicate /gene - fliD_1 fliD_2
[16:15:41] Fixed 2 duplicate /gene - msbA_1 msbA_2
[16:15:41] Fixed 2 duplicate /gene - pyrB_1 pyrB_2
[16:15:41] Fixed 2 duplicate /gene - ccsA_1 ccsA_2
[16:15:41] Fixed 2 duplicate /gene - ansA_1 ansA_2
[16:15:41] Fixed 2 duplicate /gene - mnmA_1 mnmA_2
[16:15:41] Fixed 2 duplicate /gene - hsdR_1 hsdR_2
[16:15:41] Fixed 2 duplicate /gene - sdaA_1 sdaA_2
[16:15:41] Fixed 2 duplicate /gene - atpF_1 atpF_2
[16:15:41] Fixed 2 duplicate /gene - yidC_1 yidC_2
[16:15:41] Fixed 2 duplicate /gene - cusA_1 cusA_2
[16:15:41] Fixed 2 duplicate /gene - murB_1 murB_2
[16:15:41] Fixed 2 duplicate /gene - hcpC_1 hcpC_2
[16:15:41] Fixed 3 duplicate /gene - dorA_1 dorA_2 dorA_3
[16:15:41] Fixed 2 duplicate /gene - ureH_1 ureH_2
[16:15:41] Fixed 2 duplicate /gene - aroC_1 aroC_2
[16:15:41] Fixed 2 duplicate /gene - pglK_1 pglK_2
[16:15:41] Fixed 2 duplicate /gene - panD_1 panD_2
[16:15:41] Fixed 2 duplicate /gene - trpC_1 trpC_2
[16:15:41] Fixed 85 colliding /gene names.
[16:15:41] Adding /locus_tag identifiers
[16:15:41] Assigned 1713 locus_tags to CDS and RNA features.
[16:15:41] Writing outputs to prokka_results/
[16:15:42] Generating annotation statistics file
[16:15:42] Generating Genbank and Sequin files
[16:15:42] Running: tbl2asn -V b -a r10k -l paired-ends -M n -N 1 -y 'Annotated using prokka 1.14.6 from https://github.com/tseemann/prokka' -Z prokka_results\/SRR8278838_sub_prokka\.err -i prokka_results\/SRR8278838_sub_prokka\.fsa 2> /dev/null
[16:15:44] Deleting unwanted file: prokka_results/errorsummary.val
[16:15:44] Deleting unwanted file: prokka_results/SRR8278838_sub_prokka.dr
[16:15:44] Deleting unwanted file: prokka_results/SRR8278838_sub_prokka.fixedproducts
[16:15:44] Deleting unwanted file: prokka_results/SRR8278838_sub_prokka.ecn
[16:15:44] Deleting unwanted file: prokka_results/SRR8278838_sub_prokka.val
[16:15:44] Repairing broken .GBK output that tbl2asn produces...
[16:15:44] Running: sed 's/COORDINATES: profile/COORDINATES:profile/' < prokka_results\/SRR8278838_sub_prokka\.gbf > prokka_results\/SRR8278838_sub_prokka\.gbk
[16:15:44] Deleting unwanted file: prokka_results/SRR8278838_sub_prokka.gbf
[16:15:44] Output files:
[16:15:44] prokka_results/SRR8278838_sub_prokka.fna
[16:15:44] prokka_results/SRR8278838_sub_prokka.tsv
[16:15:44] prokka_results/SRR8278838_sub_prokka.err
[16:15:44] prokka_results/SRR8278838_sub_prokka.gff
[16:15:44] prokka_results/SRR8278838_sub_prokka.gbf-r
[16:15:44] prokka_results/SRR8278838_sub_prokka.sqn
[16:15:44] prokka_results/SRR8278838_sub_prokka.tbl
[16:15:44] prokka_results/SRR8278838_sub_prokka.txt
[16:15:44] prokka_results/SRR8278838_sub_prokka.faa
[16:15:44] prokka_results/SRR8278838_sub_prokka.fsa
[16:15:44] prokka_results/SRR8278838_sub_prokka.gbk
[16:15:44] prokka_results/SRR8278838_sub_prokka.log
[16:15:44] prokka_results/SRR8278838_sub_prokka.ffn
[16:15:44] Annotation finished successfully.
[16:15:44] Walltime used: 0.73 minutes
[16:15:44] If you use this result please cite the Prokka paper:
[16:15:44] Seemann T (2014) Prokka: rapid prokaryotic genome annotation. Bioinformatics. 30(14):2068-9.
[16:15:44] Type 'prokka --citation' for more details.
[16:15:44] Thank you, come again.
